PUSH 1
CALL 177
PUSH 1
PUSH 0
POP 1
ROT
BR 191
PUSHV 186
PUSHV 0
PUSH 1
PUSHS
CALL 115
PUSH 1
PUSH 0
POP 1
ROT
PUSHV 18
PUSH 108
ADD
PUSH 1
PUSHX 4
POPS
PUSHV 63
PUSH 108
ADD
PUSH 1
PUSHX 3
POPS
PUSHV 108
PUSH 108
PUSHV 1
ADD
POPS
DROP
POP 1
RETN 2
BR 207
PUSHV 202
PUSHV 1
PUSH 1
PUSHS
CALL 115
PUSH 1
PUSH 0
POP 1
ROT
PUSHV 18
PUSH 108
ADD
PUSH 1
PUSHX 4
POPS
PUSHV 63
PUSH 108
ADD
PUSH 1
PUSHX 3
POPS
PUSHV 108
PUSH 108
PUSHV 1
ADD
POPS
DROP
POP 1
RETN 2
BR 224
PUSHV 218
PUSHV 1
PUSH 1
PUSHS
CALL 115
PUSH 1
PUSH 0
POP 1
ROT
PUSHV 18
PUSH 108
ADD
PUSH 1
PUSHX 4
POPS
PUSHV 63
PUSH 108
ADD
PUSH 1
PUSHX 3
POPS
PUSHV 108
PUSH 108
PUSHV 1
ADD
POPS
DROP
POP 1
RETN 2
BR 241
PUSHV 235
PUSHV 0
PUSH 1
PUSHS
CALL 115
PUSH 1
PUSH 0
POP 1
ROT
PUSHV 18
PUSH 108
ADD
PUSH 1
PUSHX 4
POPS
PUSHV 63
PUSH 108
ADD
PUSH 1
PUSHX 3
POPS
PUSHV 108
PUSH 108
PUSHV 1
ADD
POPS
DROP
POP 1
RETN 2
BR 258
PUSHV 252
PUSHV 1
PUSH 1
PUSHS
CALL 115
PUSH 1
PUSH 0
POP 1
ROT
PUSHV 18
PUSH 108
ADD
PUSH 1
PUSHX 4
POPS
PUSHV 63
PUSH 108
ADD
PUSH 1
PUSHX 3
POPS
PUSHV 108
PUSH 108
PUSHV 1
ADD
POPS
DROP
POP 1
RETN 2
BR 273
PUSHV 269
PUSHV 1
PUSH 1
PUSHS
CALL 115
PUSH 1
PUSH 0
POP 1
ROT
PUSHV 18
PUSH 108
ADD
PUSH 1
PUSHX 4
POPS
PUSHV 63
PUSH 108
ADD
PUSH 1
PUSHX 3
POPS
PUSHV 108
PUSH 108
PUSHV 1
ADD
POPS
DROP
POP 1
RETN 2
BR 289
PUSHV 284
PUSHV 0
PUSH 1
PUSHS
CALL 115
PUSH 1
PUSH 0
POP 1
ROT
PUSHV 18
PUSH 108
ADD
PUSH 1
PUSHX 4
POPS
PUSHV 63
PUSH 108
ADD
PUSH 1
PUSHX 3
POPS
PUSHV 108
PUSH 108
PUSHV 1
ADD
POPS
DROP
POP 1
RETN 2
BR 305
PUSHV 300
PUSHV 1
PUSH 1
PUSHS
CALL 115
PUSH 1
PUSH 0
POP 1
ROT
PUSHV 18
PUSH 108
ADD
PUSH 1
PUSHX 4
POPS
PUSHV 63
PUSH 108
ADD
PUSH 1
PUSHX 3
POPS
PUSHV 108
PUSH 108
PUSHV 1
ADD
POPS
DROP
POP 1
RETN 2
BR 321
PUSHV 316
PUSHV 0
PUSH 1
PUSHS
CALL 115
PUSH 1
PUSH 0
POP 1
ROT
PUSHV 18
PUSH 108
ADD
PUSH 1
PUSHX 4
POPS
PUSHV 63
PUSH 108
ADD
PUSH 1
PUSHX 3
POPS
PUSHV 108
PUSH 108
PUSHV 1
ADD
POPS
DROP
POP 1
RETN 2
BR 337
PUSHV 332
PUSHV 0
PUSH 1
PUSHS
CALL 115
PUSH 1
PUSH 0
POP 1
ROT
PUSHV 18
PUSH 108
ADD
PUSH 1
PUSHX 4
POPS
PUSHV 63
PUSH 108
ADD
PUSH 1
PUSHX 3
POPS
PUSHV 108
PUSH 108
PUSHV 1
ADD
POPS
DROP
POP 1
RETN 2
BR 353
PUSHV 348
PUSHV 0
PUSH 1
PUSHS
CALL 115
PUSH 1
PUSH 0
POP 1
ROT
PUSHV 18
PUSH 108
ADD
PUSH 1
PUSHX 4
POPS
PUSHV 63
PUSH 108
ADD
PUSH 1
PUSHX 3
POPS
PUSHV 108
PUSH 108
PUSHV 1
ADD
POPS
DROP
POP 1
RETN 2
BR 369
PUSHV 364
PUSHV 0
PUSH 1
PUSHS
CALL 115
PUSH 1
PUSH 0
POP 1
ROT
PUSHV 18
PUSH 108
ADD
PUSH 1
PUSHX 4
POPS
PUSHV 63
PUSH 108
ADD
PUSH 1
PUSHX 3
POPS
PUSHV 108
PUSH 108
PUSHV 1
ADD
POPS
DROP
POP 1
RETN 2
BR 384
PUSHV 380
PUSHV 0
PUSH 1
PUSHS
CALL 115
PUSH 1
PUSH 0
POP 1
ROT
PUSHV 18
PUSH 108
ADD
PUSH 1
PUSHX 4
POPS
PUSHV 63
PUSH 108
ADD
PUSH 1
PUSHX 3
POPS
PUSHV 108
PUSH 108
PUSHV 1
ADD
POPS
DROP
POP 1
RETN 2
BR 401
PUSHV 395
PUSHV 0
PUSH 1
PUSHS
CALL 115
PUSH 1
PUSH 0
POP 1
ROT
PUSHV 18
PUSH 108
ADD
PUSH 1
PUSHX 4
POPS
PUSHV 63
PUSH 108
ADD
PUSH 1
PUSHX 3
POPS
PUSHV 108
PUSH 108
PUSHV 1
ADD
POPS
DROP
POP 1
RETN 2
BR 418
PUSHV 412
PUSHV 0
PUSH 1
PUSHS
CALL 115
PUSH 1
PUSH 0
POP 1
ROT
PUSHV 18
PUSH 108
ADD
PUSH 1
PUSHX 4
POPS
PUSHV 63
PUSH 108
ADD
PUSH 1
PUSHX 3
POPS
PUSHV 108
PUSH 108
PUSHV 1
ADD
POPS
DROP
POP 1
RETN 2
BR 435
PUSHV 429
PUSHV 0
PUSH 1
PUSHS
CALL 115
PUSH 1
PUSH 0
POP 1
ROT
PUSHV 18
PUSH 108
ADD
PUSH 1
PUSHX 4
POPS
PUSHV 63
PUSH 108
ADD
PUSH 1
PUSHX 3
POPS
PUSHV 108
PUSH 108
PUSHV 1
ADD
POPS
DROP
POP 1
RETN 2
BR 452
PUSHV 446
PUSHV 0
PUSH 1
PUSHS
CALL 115
PUSH 1
PUSH 0
POP 1
ROT
PUSHV 18
PUSH 108
ADD
PUSH 1
PUSHX 4
POPS
PUSHV 63
PUSH 108
ADD
PUSH 1
PUSHX 3
