%SXX+Object Module
# Object module for file oddeven.sax
# Mon Dec 16 21:14:07 2002
215 text length
% text
70
84
:1
21
118
1
1
1
0
5
1
12
21
105
1
1
1
0
5
1
12
21
69
1
1
1
0
5
1
12
1
1
4
3
2
0
28
17
20
51
1
1
3
3
37
4
2
0
6
21
64
1
1
4
3
2
1
28
1
1
3
3
22
14
11
5
1
25
1
1
1
4
3
2
0
28
17
20
89
1
1
3
37
4
2
1
6
21
100
1
1
4
3
2
1
28
1
1
22
23
11
5
1
25
1
1
1
4
3
1
1
22
14
11
5
1
25
1
21
149
1
1
1
0
5
1
12
1
1
37
4
38
-1
1
1
4
3
1
1
3
22
5
35
6
11
5
1
25
1
2
2
2
0
6
1
2
2
10
28
14
20
214
1
2
40
2
32
42
38
-1
1
2
1
1
22
120
20
190
21
184
111
100
100
0
2
180
22
0
21
201
21
197
101
118
101
110
0
2
192
22
0
2
10
42
2
2
1
2
2
1
27
6
21
154
26
% relocation dictionary
4
13
22
39
50
63
78
88
99
112
119
141
150
155
161
163
171
175
177
179
185
189
191
198
205
207
213
% ENTRY, EXTERN, and PUBLIC references
ENTRY L0000 149
EXTERN write_string 187 200
% end of object module
